2018/10/29 11:59:52.783	0,67	73.000000	67.03%	7680	5147	321	10%	GeForce GT 650M	410.48	P8	63	[Not	[Not	981	602	379	
2018/10/29 11:59:58.124	0,62	72.000000	67.04%	7680	5149	320	10%	GeForce GT 650M	410.48	P8	62	[Not	[Not	981	602	379	
2018/10/29 12:00:12.873	0,56	72.000000	67.01%	7680	5146	323	10%	GeForce GT 650M	410.48	P8	62	[Not	[Not	981	602	379	
2018/10/29 12:00:18.212	0,59	72.000000	66.95%	7680	5143	326	10%	GeForce GT 650M	410.48	P8	63	[Not	[Not	981	602	379	
2018/10/29 12:00:23.551	0,54	73.000000	67.01%	7680	5146	321	10%	GeForce GT 650M	410.48	P0	74	[Not	[Not	981	602	379	
2018/10/29 12:00:28.880	0,50	73.000000	66.99%	7680	5145	324	10%	GeForce GT 650M	410.48	P0	75	[Not	[Not	981	602	379	
2018/10/29 12:00:34.217	0,54	73.000000	67.15%	7680	5156	312	10%	GeForce GT 650M	410.48	P0	76	[Not	[Not	981	633	348	
2018/10/29 12:00:39.560	0,50	74.000000	66.90%	7680	5138	330	10%	GeForce GT 650M	410.48	P0	76	[Not	[Not	981	633	348	
2018/10/29 12:00:44.899	0,42	74.000000	66.90%	7680	5138	331	10%	GeForce GT 650M	410.48	P0	77	[Not	[Not	981	633	348	
2018/10/29 12:00:50.283	0,71	88.000000	67.66%	7680	5243	209	10%	GeForce GT 650M	410.48	P0	77	[Not	[Not	981	633	348	
2018/10/29 12:00:55.902	1,05	91.000000	68.37%	7680	5265	302	10%	GeForce GT 650M	410.48	P0	79	[Not	[Not	981	633	348	
2018/10/29 12:01:01.418	1,29	91.000000	68.10%	7680	5259	226	10%	GeForce GT 650M	410.48	P8	69	[Not	[Not	981	633	348	
2018/10/29 12:01:06.906	1,58	91.000000	67.19%	7680	5211	311	10%	GeForce GT 650M	410.48	P8	68	[Not	[Not	981	632	349	
2018/10/29 12:01:12.401	2,02	92.000000	67.79%	7680	5236	216	10%	GeForce GT 650M	410.48	P8	68	[Not	[Not	981	632	349	
2018/10/29 12:01:17.840	2,18	92.000000	68.50%	7680	5201	317	10%	GeForce GT 650M	410.48	P8	69	[Not	[Not	981	642	339	
2018/10/29 12:01:23.558	2,40	93.000000	67.50%	7680	5265	282	10%	GeForce GT 650M	410.48	P8	69	[Not	[Not	981	632	349	
2018/10/29 12:01:29.112	2,69	93.000000	68.02%	7680	5257	199	10%	GeForce GT 650M	410.48	P8	69	[Not	[Not	981	632	349	
2018/10/29 12:01:34.651	3,12	93.000000	68.15%	7680	5191	267	10%	GeForce GT 650M	410.48	P8	69	[Not	[Not	981	632	349	
2018/10/29 12:01:40.069	3,40	91.000000	67.86%	7680	5244	220	10%	GeForce GT 650M	410.48	P8	69	[Not	[Not	981	632	349	
2018/10/29 12:01:45.623	3,45	91.000000	68.07%	7680	5235	315	10%	GeForce GT 650M	410.48	P8	70	[Not	[Not	981	641	340	
2018/10/29 12:01:51.181	3,57	94.000000	68.63%	7680	5217	242	10%	GeForce GT 650M	410.48	P8	70	[Not	[Not	981	632	349	
2018/10/29 12:01:56.779	3,61	91.000000	68.35%	7680	5247	315	10%	GeForce GT 650M	410.48	P8	70	[Not	[Not	981	632	349	
2018/10/29 12:02:02.321	3,64	94.000000	67.10%	7680	5266	194	10%	GeForce GT 650M	410.48	P8	71	[Not	[Not	981	633	348	
2018/10/29 12:02:07.969	3,75	94.000000	67.77%	7680	5216	260	10%	GeForce GT 650M	410.48	P0	84	[Not	[Not	981	648	333	
2018/10/29 12:02:13.749	4,01	94.000000	69.23%	7680	5203	257	10%	GeForce GT 650M	410.48	P0	88	[Not	[Not	981	649	332	
2018/10/29 12:02:20.457	5,18	94.000000	68.18%	7680	5294	250	10%	GeForce GT 650M	410.48	P0	87	[Not	[Not	981	649	332	
2018/10/29 12:02:25.882	5,49	94.000000	68.54%	7680	5291	268	10%	GeForce GT 650M	410.48	P0	88	[Not	[Not	981	649	332	
2018/10/29 12:02:31.369	5,45	94.000000	69.35%	7680	5254	253	10%	GeForce GT 650M	410.48	P0	88	[Not	[Not	981	649	332	
2018/10/29 12:02:36.771	5,41	94.000000	68.46%	7680	5286	272	10%	GeForce GT 650M	410.48	P8	77	[Not	[Not	981	649	332	
2018/10/29 12:02:42.264	5,30	94.000000	68.45%	7680	5282	272	10%	GeForce GT 650M	410.48	P8	75	[Not	[Not	981	640	341	
2018/10/29 12:02:47.723	5,20	94.000000	69.08%	7680	5218	290	10%	GeForce GT 650M	410.48	P8	74	[Not	[Not	981	640	341	
2018/10/29 12:02:53.098	5,10	94.000000	68.71%	7680	5301	252	10%	GeForce GT 650M	410.48	P8	74	[Not	[Not	981	640	341	
2018/10/29 12:02:58.482	5,01	94.000000	68.61%	7680	5294	264	10%	GeForce GT 650M	410.48	P8	74	[Not	[Not	981	640	341	
2018/10/29 12:03:04.012	5,01	94.000000	68.41%	7680	5286	266	10%	GeForce GT 650M	410.48	P8	74	[Not	[Not	981	640	341	
2018/10/29 12:03:09.380	4,93	94.000000	68.26%	7680	5270	283	10%	GeForce GT 650M	410.48	P8	74	[Not	[Not	981	636	345	
2018/10/29 12:03:14.984	5,01	94.000000	68.52%	7680	5183	375	10%	GeForce GT 650M	410.48	P8	73	[Not	[Not	981	636	345	
2018/10/29 12:03:20.352	5,01	94.000000	68.55%	7680	5285	273	10%	GeForce GT 650M	410.48	P0	87	[Not	[Not	981	636	345	
2018/10/29 12:03:25.808	4,93	94.000000	67.96%	7680	5263	281	10%	GeForce GT 650M	410.48	P0	88	[Not	[Not	981	644	337	
2018/10/29 12:03:31.426	4,86	94.000000	67.96%	7680	5187	335	10%	GeForce GT 650M	410.48	P8	77	[Not	[Not	981	644	337	
2018/10/29 12:03:36.992	4,79	94.000000	68.65%	7680	5177	384	10%	GeForce GT 650M	410.48	P8	75	[Not	[Not	981	644	337	
2018/10/29 12:03:42.355	4,72	94.000000	68.39%	7680	5282	276	10%	GeForce GT 650M	410.48	P8	75	[Not	[Not	981	644	337	
2018/10/29 12:03:47.855	4,67	94.000000	68.11%	7680	5269	306	10%	GeForce GT 650M	410.48	P8	75	[Not	[Not	981	644	337	
2018/10/29 12:03:53.372	4,61	94.000000	67.46%	7680	5213	350	10%	GeForce GT 650M	410.48	P8	75	[Not	[Not	981	644	337	
2018/10/29 12:03:58.945	4,64	94.000000	68.62%	7680	5226	281	10%	GeForce GT 650M	410.48	P8	76	[Not	[Not	981	644	337	
2018/10/29 12:04:04.546	4,59	94.000000	68.24%	7680	5193	313	10%	GeForce GT 650M	410.48	P8	74	[Not	[Not	981	645	336	
2018/10/29 12:04:10.073	4,65	94.000000	68.76%	7680	5288	349	10%	GeForce GT 650M	410.48	P8	74	[Not	[Not	981	645	336	
2018/10/29 12:04:15.658	4,60	94.000000	68.55%	7680	5261	280	10%	GeForce GT 650M	410.48	P8	75	[Not	[Not	981	645	336	
2018/10/29 12:04:21.294	4,63	94.000000	68.53%	7680	5238	284	10%	GeForce GT 650M	410.48	P8	75	[Not	[Not	981	645	336	
2018/10/29 12:04:26.830	4,58	94.000000	68.67%	7680	5253	272	10%	GeForce GT 650M	410.48	P8	74	[Not	[Not	981	645	336	
2018/10/29 12:04:32.344	4,53	94.000000	67.83%	7680	5184	368	10%	GeForce GT 650M	410.48	P8	75	[Not	[Not	981	645	336	
2018/10/29 12:04:37.874	4,57	94.000000	68.82%	7680	5195	361	10%	GeForce GT 650M	410.48	P8	74	[Not	[Not	981	645	336	
2018/10/29 12:04:43.298	4,52	94.000000	68.35%	7680	5273	296	10%	GeForce GT 650M	410.48	P8	76	[Not	[Not	981	645	336	
2018/10/29 12:04:48.846	4,48	94.000000	68.68%	7680	5190	327	10%	GeForce GT 650M	410.48	P8	74	[Not	[Not	981	645	336	
2018/10/29 12:04:54.332	4,52	94.000000	68.98%	7680	5217	340	10%	GeForce GT 650M	410.48	P8	74	[Not	[Not	981	645	336	
2018/10/29 12:04:59.799	4,52	94.000000	68.52%	7680	5295	271	10%	GeForce GT 650M	410.48	P0	85	[Not	[Not	981	645	336	
2018/10/29 12:05:05.201	4,48	94.000000	68.76%	7680	5306	320	10%	GeForce GT 650M	410.48	P0	84	[Not	[Not	981	645	336	
2018/10/29 12:05:10.882	4,44	94.000000	67.62%	7680	5278	303	10%	GeForce GT 650M	410.48	P0	88	[Not	[Not	981	637	344	
2018/10/29 12:05:16.328	4,41	94.000000	68.52%	7680	5287	267	10%	GeForce GT 650M	410.48	P0	90	[Not	[Not	981	645	336	
2018/10/29 12:05:21.878	4,45	94.000000	68.80%	7680	5251	359	10%	GeForce GT 650M	410.48	P0	90	[Not	[Not	981	646	335	
2018/10/29 12:05:27.551	4,42	94.000000	68.07%	7680	5279	337	10%	GeForce GT 650M	410.48	P0	90	[Not	[Not	981	646	335	
2018/10/29 12:05:33.158	4,38	94.000000	68.32%	7680	5278	278	10%	GeForce GT 650M	410.48	P0	90	[Not	[Not	981	646	335	
2018/10/29 12:05:38.548	4,35	94.000000	67.66%	7680	5217	333	10%	GeForce GT 650M	410.48	P0	90	[Not	[Not	981	646	335	
2018/10/29 12:05:44.023	4,32	94.000000	68.80%	7680	5309	286	10%	GeForce GT 650M	410.48	P0	90	[Not	[Not	981	646	335	
2018/10/29 12:05:49.456	4,30	94.000000	67.41%	7680	5203	351	10%	GeForce GT 650M	410.48	P0	90	[Not	[Not	981	646	335	
2018/10/29 12:05:55.002	4,33	94.000000	68.39%	7680	5210	345	10%	GeForce GT 650M	410.48	P8	79	[Not	[Not	981	646	335	
2018/10/29 12:06:00.559	4,31	94.000000	67.90%	7680	5301	384	10%	GeForce GT 650M	410.48	P8	79	[Not	[Not	981	646	335	
2018/10/29 12:06:06.035	4,28	94.000000	68.57%	7680	5291	264	10%	GeForce GT 650M	410.48	P8	78	[Not	[Not	981	637	344	
2018/10/29 12:06:11.494	4,26	94.000000	68.14%	7680	5257	296	10%	GeForce GT 650M	410.48	P8	78	[Not	[Not	981	637	344	
2018/10/29 12:06:17.104	4,24	94.000000	67.66%	7680	5222	333	10%	GeForce GT 650M	410.48	P0	90	[Not	[Not	981	637	344	
2018/10/29 12:06:22.752	4,22	94.000000	68.12%	7680	5243	368	10%	GeForce GT 650M	410.48	P0	91	[Not	[Not	981	644	337	
2018/10/29 12:06:28.299	4,28	94.000000	69.13%	7680	5225	369	10%	GeForce GT 650M	410.48	P0	89	[Not	[Not	981	636	345	
2018/10/29 12:06:33.725	4,26	90.000000	67.47%	7680	5182	384	10%	GeForce GT 650M	410.48	P0	89	[Not	[Not	981	645	336	
2018/10/29 12:06:39.070	4,08	84.000000	67.47%	7680	5181	385	10%	GeForce GT 650M	410.48	P0	89	[Not	[Not	981	636	345	
2018/10/29 12:06:44.414	3,75	82.000000	67.47%	7680	5182	384	10%	GeForce GT 650M	410.48	P8	80	[Not	[Not	981	636	345	
2018/10/29 12:06:49.753	3,45	81.000000	67.49%	7680	5183	383	10%	GeForce GT 650M	410.48	P8	77	[Not	[Not	981	636	345	
2018/10/29 12:06:55.092	3,14	80.000000	67.42%	7680	5178	388	10%	GeForce GT 650M	410.48	P8	74	[Not	[Not	981	636	345	
2018/10/29 12:07:00.439	2,89	81.000000	67.42%	7680	5178	389	10%	GeForce GT 650M	410.48	P8	74	[Not	[Not	981	636	345	
2018/10/29 12:07:05.781	2,74	81.000000	67.43%	7680	5179	387	10%	GeForce GT 650M	410.48	P8	73	[Not	[Not	981	644	337	
2018/10/29 12:07:11.137	2,52	77.000000	67.43%	7680	5179	387	10%	GeForce GT 650M	410.48	P8	72	[Not	[Not	981	644	337	
2018/10/29 12:07:16.486	2,32	81.000000	67.38%	7680	5175	391	10%	GeForce GT 650M	410.48	P8	73	[Not	[Not	981	635	346	
2018/10/29 12:07:21.831	2,13	77.000000	67.41%	7680	5176	390	10%	GeForce GT 650M	410.48	P8	70	[Not	[Not	981	635	346	
2018/10/29 12:07:27.177	1,96	77.000000	67.45%	7680	5180	387	10%	GeForce GT 650M	410.48	P8	72	[Not	[Not	981	635	346	
2018/10/29 12:07:32.505	1,80	77.000000	67.45%	7680	5180	387	10%	GeForce GT 650M	410.48	P8	69	[Not	[Not	981	635	346	
2018/10/29 12:07:37.861	1,66	77.000000	67.43%	7680	5179	387	10%	GeForce GT 650M	410.48	P8	69	[Not	[Not	981	635	346	
